C:\USERS\ROBIN\DESKTOP\CALIBRATION\CALIBRATION\DEBUG\CALIBRATION.EXE.EMBED.MANIFEST.RES
C:\USERS\ROBIN\DESKTOP\CALIBRATION\CALIBRATION\DEBUG\CALIBRATION.EXE.INTERMEDIATE.MANIFEST
C:\USERS\ROBIN\DESKTOP\CALIBRATION\CALIBRATION\DEBUG\CALIBRATION.OBJ
C:\USERS\ROBIN\DESKTOP\CALIBRATION\CALIBRATION\DEBUG\VC100.PDB
C:\USERS\ROBIN\DESKTOP\CALIBRATION\DEBUG\CALIBRATION.EXE
C:\USERS\ROBIN\DESKTOP\CALIBRATION\DEBUG\CALIBRATION.ILK
C:\USERS\ROBIN\DESKTOP\CALIBRATION\DEBUG\CALIBRATION.PDB
C:\Users\Robin\Desktop\calibrations\calibration\calibration\Debug\calibration.exe.embed.manifest
C:\USERS\ROBIN\DESKTOP\CALIBRATIONS\CALIBRATION\CALIBRATION\DEBUG\CALIBRATION.EXE.EMBED.MANIFEST.RES
C:\USERS\ROBIN\DESKTOP\CALIBRATIONS\CALIBRATION\CALIBRATION\DEBUG\CALIBRATION.EXE.INTERMEDIATE.MANIFEST
C:\USERS\ROBIN\DESKTOP\CALIBRATIONS\CALIBRATION\CALIBRATION\DEBUG\CALIBRATION.OBJ
C:\Users\Robin\Desktop\calibrations\calibration\calibration\Debug\calibration.vcxprojResolveAssemblyReference.cache
C:\Users\Robin\Desktop\calibrations\calibration\calibration\Debug\calibration.write.1.tlog
C:\Users\Robin\Desktop\calibrations\calibration\calibration\Debug\calibration_manifest.rc
C:\Users\Robin\Desktop\calibrations\calibration\calibration\Debug\cl.command.1.tlog
C:\Users\Robin\Desktop\calibrations\calibration\calibration\Debug\CL.read.1.tlog
C:\Users\Robin\Desktop\calibrations\calibration\calibration\Debug\CL.write.1.tlog
C:\Users\Robin\Desktop\calibrations\calibration\calibration\Debug\link.5688.read.1.tlog
C:\Users\Robin\Desktop\calibrations\calibration\calibration\Debug\link.5688.write.1.tlog
C:\Users\Robin\Desktop\calibrations\calibration\calibration\Debug\link.6064.read.1.tlog
C:\Users\Robin\Desktop\calibrations\calibration\calibration\Debug\link.6064.write.1.tlog
C:\Users\Robin\Desktop\calibrations\calibration\calibration\Debug\link.6632.read.1.tlog
C:\Users\Robin\Desktop\calibrations\calibration\calibration\Debug\link.6632.write.1.tlog
C:\Users\Robin\Desktop\calibrations\calibration\calibration\Debug\link.7396.read.1.tlog
C:\Users\Robin\Desktop\calibrations\calibration\calibration\Debug\link.7396.write.1.tlog
C:\Users\Robin\Desktop\calibrations\calibration\calibration\Debug\link.7616.read.1.tlog
C:\Users\Robin\Desktop\calibrations\calibration\calibration\Debug\link.7616.write.1.tlog
C:\Users\Robin\Desktop\calibrations\calibration\calibration\Debug\link.8896.read.1.tlog
C:\Users\Robin\Desktop\calibrations\calibration\calibration\Debug\link.8896.write.1.tlog
C:\Users\Robin\Desktop\calibrations\calibration\calibration\Debug\link.command.1.tlog
C:\Users\Robin\Desktop\calibrations\calibration\calibration\Debug\link.read.1.tlog
C:\Users\Robin\Desktop\calibrations\calibration\calibration\Debug\link.write.1.tlog
C:\Users\Robin\Desktop\calibrations\calibration\calibration\Debug\link-cvtres.read.1.tlog
C:\Users\Robin\Desktop\calibrations\calibration\calibration\Debug\link-cvtres.write.1.tlog
C:\Users\Robin\Desktop\calibrations\calibration\calibration\Debug\mt.command.1.tlog
C:\Users\Robin\Desktop\calibrations\calibration\calibration\Debug\mt.read.1.tlog
C:\Users\Robin\Desktop\calibrations\calibration\calibration\Debug\mt.write.1.tlog
C:\Users\Robin\Desktop\calibrations\calibration\calibration\Debug\rc.command.1.tlog
C:\Users\Robin\Desktop\calibrations\calibration\calibration\Debug\rc.read.1.tlog
C:\Users\Robin\Desktop\calibrations\calibration\calibration\Debug\rc.write.1.tlog
C:\Users\Robin\Desktop\calibrations\calibration\calibration\Debug\vc100.idb
C:\USERS\ROBIN\DESKTOP\CALIBRATIONS\CALIBRATION\CALIBRATION\DEBUG\VC100.PDB
C:\USERS\ROBIN\DESKTOP\CALIBRATIONS\CALIBRATION\DEBUG\CALIBRATION.EXE
C:\USERS\ROBIN\DESKTOP\CALIBRATIONS\CALIBRATION\DEBUG\CALIBRATION.EXE.MANIFEST
C:\USERS\ROBIN\DESKTOP\CALIBRATIONS\CALIBRATION\DEBUG\CALIBRATION.ILK
C:\USERS\ROBIN\DESKTOP\CALIBRATIONS\CALIBRATION\DEBUG\CALIBRATION.PDB
E:\OPENCV\CALIBRATION\CALIBRATION\DEBUG\CALIBRATION.EXE.EMBED.MANIFEST
E:\OPENCV\CALIBRATION\CALIBRATION\DEBUG\CALIBRATION.EXE.EMBED.MANIFEST.RES
E:\OPENCV\CALIBRATION\CALIBRATION\DEBUG\CALIBRATION.EXE.INTERMEDIATE.MANIFEST
E:\OPENCV\CALIBRATION\CALIBRATION\DEBUG\CALIBRATION.OBJ
E:\OPENCV\CALIBRATION\CALIBRATION\DEBUG\VC100.PDB
E:\OPENCV\CALIBRATION\DEBUG\CALIBRATION.EXE
E:\OPENCV\CALIBRATION\DEBUG\CALIBRATION.ILK
E:\OPENCV\CALIBRATION\DEBUG\CALIBRATION.PDB
